0 info it worked if it ends with ok
1 verbose cli [ '/usr/local/bin/node',
1 verbose cli   '/usr/local/bin/npm',
1 verbose cli   'install',
1 verbose cli   'node@0.12.0' ]
2 info using npm@2.14.7
3 info using node@v4.2.1
4 verbose install initial load of /Users/mac/work/nrdn/package.json
5 warn package.json plasma@0.0.0 No repository field.
6 verbose installManyTop reading scoped package data from /Users/mac/work/nrdn/node_modules/async/package.json
7 verbose installManyTop reading scoped package data from /Users/mac/work/nrdn/node_modules/del/package.json
8 verbose installManyTop reading scoped package data from /Users/mac/work/nrdn/node_modules/express/package.json
9 verbose installManyTop reading scoped package data from /Users/mac/work/nrdn/node_modules/gm/package.json
10 verbose installManyTop reading scoped package data from /Users/mac/work/nrdn/node_modules/jade/package.json
11 verbose installManyTop reading scoped package data from /Users/mac/work/nrdn/node_modules/mkdirp/package.json
12 verbose installManyTop reading scoped package data from /Users/mac/work/nrdn/node_modules/mongodb/package.json
13 verbose installManyTop reading scoped package data from /Users/mac/work/nrdn/node_modules/mongoose/package.json
14 info package.json mongoose@3.8.37 No license field.
15 info package.json async@0.2.10 No license field.
16 info package.json jade@1.1.5 No license field.
17 verbose readDependencies loading dependencies from /Users/mac/work/nrdn/package.json
18 silly cache add args [ 'node@0.12.0', null ]
19 verbose cache add spec node@0.12.0
20 silly cache add parsed spec Result {
20 silly cache add   raw: 'node@0.12.0',
20 silly cache add   scope: null,
20 silly cache add   name: 'node',
20 silly cache add   rawSpec: '0.12.0',
20 silly cache add   spec: '0.12.0',
20 silly cache add   type: 'version' }
21 silly addNamed node@0.12.0
22 verbose addNamed "0.12.0" is a plain semver version for node
23 silly mapToRegistry name node
24 silly mapToRegistry using default registry
25 silly mapToRegistry registry https://registry.npmjs.org/
26 silly mapToRegistry uri https://registry.npmjs.org/node
27 verbose addNameVersion registry:https://registry.npmjs.org/node not in flight; fetching
28 verbose request uri https://registry.npmjs.org/node
29 verbose request no auth needed
30 info attempt registry request try #1 at 16:29:22
31 verbose request id 5303b35af412c0a1
32 verbose etag "4RB0I162TMBFF7IWMPCBRMD3L"
33 http request GET https://registry.npmjs.org/node
34 http 304 https://registry.npmjs.org/node
35 verbose headers { date: 'Mon, 23 Nov 2015 13:29:22 GMT',
35 verbose headers   via: '1.1 varnish',
35 verbose headers   'cache-control': 'max-age=60',
35 verbose headers   etag: '"4RB0I162TMBFF7IWMPCBRMD3L"',
35 verbose headers   age: '36',
35 verbose headers   connection: 'keep-alive',
35 verbose headers   'x-served-by': 'cache-fra1246-FRA',
35 verbose headers   'x-cache': 'HIT',
35 verbose headers   'x-cache-hits': '1',
35 verbose headers   'x-timer': 'S1448285362.412838,VS0,VE0',
35 verbose headers   vary: 'Accept' }
36 silly get cb [ 304,
36 silly get   { date: 'Mon, 23 Nov 2015 13:29:22 GMT',
36 silly get     via: '1.1 varnish',
36 silly get     'cache-control': 'max-age=60',
36 silly get     etag: '"4RB0I162TMBFF7IWMPCBRMD3L"',
36 silly get     age: '36',
36 silly get     connection: 'keep-alive',
36 silly get     'x-served-by': 'cache-fra1246-FRA',
36 silly get     'x-cache': 'HIT',
36 silly get     'x-cache-hits': '1',
36 silly get     'x-timer': 'S1448285362.412838,VS0,VE0',
36 silly get     vary: 'Accept' } ]
37 verbose etag https://registry.npmjs.org/node from cache
38 verbose get saving node to /Users/mac/.npm/registry.npmjs.org/node/.cache.json
39 verbose stack Error: version not found: node@0.12.0
39 verbose stack     at setData (/usr/local/lib/node_modules/npm/lib/cache/add-named.js:137:12)
39 verbose stack     at RES (/usr/local/lib/node_modules/npm/node_modules/inflight/inflight.js:23:14)
39 verbose stack     at f (/usr/local/lib/node_modules/npm/node_modules/once/once.js:17:25)
39 verbose stack     at fixName (/usr/local/lib/node_modules/npm/lib/cache/add-named.js:29:5)
39 verbose stack     at saved (/usr/local/lib/node_modules/npm/lib/cache/caching-client.js:173:7)
39 verbose stack     at /usr/local/lib/node_modules/npm/node_modules/graceful-fs/polyfills.js:210:7
39 verbose stack     at FSReqWrap.oncomplete (fs.js:82:15)
40 verbose statusCode 404
41 verbose cwd /Users/mac/work/nrdn
42 error Darwin 14.3.0
43 error argv "/usr/local/bin/node" "/usr/local/bin/npm" "install" "node@0.12.0"
44 error node v4.2.1
45 error npm  v2.14.7
46 error version not found: node@0.12.0
47 error If you need help, you may report this error at:
47 error     <https://github.com/npm/npm/issues>
48 verbose exit [ 1, true ]
